<?xml version="1.0" encoding="UTF-8"?>
<!-- Generated by org.testng.reporters.JUnitReportReporter -->
<testsuite hostname="DESKTOP-HP5KI8N" failures="0" tests="3" name="org.rahulshettyacademy.AppiumFrameworkDesign.eCommerce_tc_2" time="0.365" errors="1" timestamp="2023-02-07T20:03:08 ART" skipped="2">
  <testcase classname="org.rahulshettyacademy.AppiumFrameworkDesign.eCommerce_tc_2" name="FillForm_ErrorFlow" time="0.000">
    <skipped/>
  </testcase> <!-- FillForm_ErrorFlow -->
  <system-out/>
  <testcase classname="org.rahulshettyacademy.AppiumFrameworkDesign.eCommerce_tc_2" name="preSetup" time="0.365">
    <error message="An unknown server-side error occurred while processing the command. Original error: Cannot start the &#039;com.androidsample.generalstore&#039; application. Consider checking the driver&#039;s troubleshooting documentation. Original error: Error executing adbExec. Original error: &#039;Command &#039;C:\\Users\\Pau\\AppData\\Local\\Android\\Sdk\\platform-tools\\adb.exe -P 5037 -s emulator-5554 shell am start -W -n com.androidsample.generalstore/com.androidsample.generalstore.MainActivity -S&#039; exited with code 255&#039;; Command output: 
Exception occurred while executing &#039;start&#039;:
java.lang.SecurityException: Permission Denial: starting Intent { flg=0x10000000 cmp=com.androidsample.generalstore/.MainActivity } from null (pid=9912, uid=2000) not exported from uid 10158
	at com.android.server.wm.ActivityStackSupervisor.checkStartAnyActivityPermission(ActivityStackSupervisor.java:1032)
	at com.android.server.wm.ActivityStarter.executeRequest(ActivityStarter.java:999)
	at com.android.server.wm.ActivityStarter.execute(ActivityStarter.java:669)
	at com.android.server.wm.ActivityTaskManagerService.startActivityAndWait(ActivityTaskManagerService.java:1338)
	at com.android.server.am.ActivityManagerService.startActivityAndWait(ActivityManagerService.java:3687)
	at com.android.server.am.ActivityManagerShellCommand.runStartActivity(ActivityManagerShellCommand.java:539)
	at com.android.server.am.ActivityManagerShellCommand.onCommand(ActivityManagerShellCommand.java:186)
	at android.os.BasicShellCommandHandler.exec(BasicShellCommandHandler.java:98)
	at android.os.ShellCommand.exec(ShellCommand.java:44)
	at com.android.server.am.ActivityManagerService.onShellCommand(ActivityManagerService.java:10520)
	at android.os.Binder.shellCommand(Binder.java:929)
	at android.os.Binder.onTransact(Binder.java:813)
	at android.app.IActivityManager$Stub.onTransact(IActivityManager.java:5027)
	at com.android.server.am.ActivityManagerService.onTransact(ActivityManagerService.java:2883)
	at android.os.Binder.execTransactInternal(Binder.java:1159)
	at android.os.Binder.execTransact(Binder.java:1123)

Build info: version: &#039;4.8.0&#039;, revision: &#039;267030adea&#039;
System info: os.name: &#039;Windows 10&#039;, os.arch: &#039;amd64&#039;, os.version: &#039;10.0&#039;, java.version: &#039;17.0.5&#039;
Driver info: io.appium.java_client.android.AndroidDriver
Command: [cb95328f-66db-4a33-958e-c91cd3084ecc, startActivity {appPackage=com.androidsample.generalstore, appActivity=com.androidsample.generalstore.MainActivity, appWaitPackage=, appWaitActivity=, dontStopAppOnReset=false, intentAction=, intentCategory=, intentFlags=, optionalIntentArguments=}]
Capabilities {appium:app: C:\Users\Pau\git\repository..., appium:appPackage: com.androidsample.generalstore, appium:automationName: UIAutomator2, appium:chromedriverExecutable: C:\Users\Pau\Downloads\chro..., appium:databaseEnabled: false, appium:desired: {app: C:\Users\Pau\git\repository..., automationName: UIAutomator2, chromedriverExecutable: C:\Users\Pau\Downloads\chro..., deviceName: PauDevice, platformName: android}, appium:deviceApiLevel: 30, appium:deviceManufacturer: Google, appium:deviceModel: sdk_gphone_x86, appium:deviceName: emulator-5554, appium:deviceScreenDensity: 420, appium:deviceScreenSize: 1080x1920, appium:deviceUDID: emulator-5554, appium:javascriptEnabled: true, appium:locationContextEnabled: false, appium:networkConnectionEnabled: true, appium:pixelRatio: 2.625, appium:platformVersion: 11, appium:statBarHeight: 63, appium:takesScreenshot: true, appium:viewportRect: {height: 1731, left: 0, top: 63, width: 1080}, appium:warnings: {}, appium:webStorageEnabled: false, platformName: ANDROID}
Session ID: cb95328f-66db-4a33-958e-c91cd3084ecc" type="org.openqa.selenium.WebDriverException">
      <![CDATA[org.openqa.selenium.WebDriverException: An unknown server-side error occurred while processing the command. Original error: Cannot start the 'com.androidsample.generalstore' application. Consider checking the driver's troubleshooting documentation. Original error: Error executing adbExec. Original error: 'Command 'C:\\Users\\Pau\\AppData\\Local\\Android\\Sdk\\platform-tools\\adb.exe -P 5037 -s emulator-5554 shell am start -W -n com.androidsample.generalstore/com.androidsample.generalstore.MainActivity -S' exited with code 255'; Command output: 
Exception occurred while executing 'start':
java.lang.SecurityException: Permission Denial: starting Intent { flg=0x10000000 cmp=com.androidsample.generalstore/.MainActivity } from null (pid=9912, uid=2000) not exported from uid 10158
at com.android.server.wm.ActivityStackSupervisor.checkStartAnyActivityPermission(ActivityStackSupervisor.java:1032)
at com.android.server.wm.ActivityStarter.executeRequest(ActivityStarter.java:999)
at com.android.server.wm.ActivityStarter.execute(ActivityStarter.java:669)
at com.android.server.wm.ActivityTaskManagerService.startActivityAndWait(ActivityTaskManagerService.java:1338)
at com.android.server.am.ActivityManagerService.startActivityAndWait(ActivityManagerService.java:3687)
at com.android.server.am.ActivityManagerShellCommand.runStartActivity(ActivityManagerShellCommand.java:539)
at com.android.server.am.ActivityManagerShellCommand.onCommand(ActivityManagerShellCommand.java:186)
at android.os.BasicShellCommandHandler.exec(BasicShellCommandHandler.java:98)
at android.os.ShellCommand.exec(ShellCommand.java:44)
at com.android.server.am.ActivityManagerService.onShellCommand(ActivityManagerService.java:10520)
at android.os.Binder.shellCommand(Binder.java:929)
at android.os.Binder.onTransact(Binder.java:813)
at android.app.IActivityManager$Stub.onTransact(IActivityManager.java:5027)
at com.android.server.am.ActivityManagerService.onTransact(ActivityManagerService.java:2883)
at android.os.Binder.execTransactInternal(Binder.java:1159)
at android.os.Binder.execTransact(Binder.java:1123)

Build info: version: '4.8.0', revision: '267030adea'
System info: os.name: 'Windows 10', os.arch: 'amd64', os.version: '10.0', java.version: '17.0.5'
Driver info: io.appium.java_client.android.AndroidDriver
Command: [cb95328f-66db-4a33-958e-c91cd3084ecc, startActivity {appPackage=com.androidsample.generalstore, appActivity=com.androidsample.generalstore.MainActivity, appWaitPackage=, appWaitActivity=, dontStopAppOnReset=false, intentAction=, intentCategory=, intentFlags=, optionalIntentArguments=}]
Capabilities {appium:app: C:\Users\Pau\git\repository..., appium:appPackage: com.androidsample.generalstore, appium:automationName: UIAutomator2, appium:chromedriverExecutable: C:\Users\Pau\Downloads\chro..., appium:databaseEnabled: false, appium:desired: {app: C:\Users\Pau\git\repository..., automationName: UIAutomator2, chromedriverExecutable: C:\Users\Pau\Downloads\chro..., deviceName: PauDevice, platformName: android}, appium:deviceApiLevel: 30, appium:deviceManufacturer: Google, appium:deviceModel: sdk_gphone_x86, appium:deviceName: emulator-5554, appium:deviceScreenDensity: 420, appium:deviceScreenSize: 1080x1920, appium:deviceUDID: emulator-5554, appium:javascriptEnabled: true, appium:locationContextEnabled: false, appium:networkConnectionEnabled: true, appium:pixelRatio: 2.625, appium:platformVersion: 11, appium:statBarHeight: 63, appium:takesScreenshot: true, appium:viewportRect: {height: 1731, left: 0, top: 63, width: 1080}, appium:warnings: {}, appium:webStorageEnabled: false, platformName: ANDROID}
Session ID: cb95328f-66db-4a33-958e-c91cd3084ecc
at java.base/jdk.internal.reflect.NativeConstructorAccessorImpl.newInstance0(Native Method)
at java.base/jdk.internal.reflect.NativeConstructorAccessorImpl.newInstance(NativeConstructorAccessorImpl.java:77)
at java.base/jdk.internal.reflect.DelegatingConstructorAccessorImpl.newInstance(DelegatingConstructorAccessorImpl.java:45)
at java.base/java.lang.reflect.Constructor.newInstanceWithCaller(Constructor.java:499)
at java.base/java.lang.reflect.Constructor.newInstance(Constructor.java:480)
at org.openqa.selenium.remote.codec.w3c.W3CHttpResponseCodec.createException(W3CHttpResponseCodec.java:200)
at org.openqa.selenium.remote.codec.w3c.W3CHttpResponseCodec.decode(W3CHttpResponseCodec.java:133)
at org.openqa.selenium.remote.codec.w3c.W3CHttpResponseCodec.decode(W3CHttpResponseCodec.java:53)
at org.openqa.selenium.remote.HttpCommandExecutor.execute(HttpCommandExecutor.java:184)
at io.appium.java_client.remote.AppiumCommandExecutor.execute(AppiumCommandExecutor.java:262)
at org.openqa.selenium.remote.RemoteWebDriver.execute(RemoteWebDriver.java:543)
at org.openqa.selenium.remote.RemoteWebDriver.execute(RemoteWebDriver.java:598)
at io.appium.java_client.AppiumDriver.execute(AppiumDriver.java:267)
at io.appium.java_client.CommandExecutionHelper.execute(CommandExecutionHelper.java:27)
at io.appium.java_client.android.StartsActivity.startActivity(StartsActivity.java:45)
at org.rahulshettyacademy.AppiumFrameworkDesign.eCommerce_tc_2.preSetup(eCommerce_tc_2.java:21)
at java.base/jdk.internal.reflect.NativeMethodAccessorImpl.invoke0(Native Method)
at java.base/jdk.internal.reflect.NativeMethodAccessorImpl.invoke(NativeMethodAccessorImpl.java:77)
at java.base/jdk.internal.reflect.DelegatingMethodAccessorImpl.invoke(DelegatingMethodAccessorImpl.java:43)
at java.base/java.lang.reflect.Method.invoke(Method.java:568)
at org.testng.internal.invokers.MethodInvocationHelper.invokeMethod(MethodInvocationHelper.java:139)
at org.testng.internal.invokers.MethodInvocationHelper.invokeMethodConsideringTimeout(MethodInvocationHelper.java:69)
at org.testng.internal.invokers.ConfigInvoker.invokeConfigurationMethod(ConfigInvoker.java:361)
at org.testng.internal.invokers.ConfigInvoker.invokeConfigurations(ConfigInvoker.java:296)
at org.testng.internal.invokers.TestInvoker.runConfigMethods(TestInvoker.java:823)
at org.testng.internal.invokers.TestInvoker.invokeMethod(TestInvoker.java:590)
at org.testng.internal.invokers.TestInvoker.invokeTestMethod(TestInvoker.java:221)
at org.testng.internal.invokers.MethodRunner.runInSequence(MethodRunner.java:50)
at org.testng.internal.invokers.TestInvoker$MethodInvocationAgent.invoke(TestInvoker.java:969)
at org.testng.internal.invokers.TestInvoker.invokeTestMethods(TestInvoker.java:194)
at org.testng.internal.invokers.TestMethodWorker.invokeTestMethods(TestMethodWorker.java:148)
at org.testng.internal.invokers.TestMethodWorker.run(TestMethodWorker.java:128)
at java.base/java.util.ArrayList.forEach(ArrayList.java:1511)
at org.testng.TestRunner.privateRun(TestRunner.java:829)
at org.testng.TestRunner.run(TestRunner.java:602)
at org.testng.SuiteRunner.runTest(SuiteRunner.java:437)
at org.testng.SuiteRunner.runSequentially(SuiteRunner.java:431)
at org.testng.SuiteRunner.privateRun(SuiteRunner.java:391)
at org.testng.SuiteRunner.run(SuiteRunner.java:330)
at org.testng.SuiteRunnerWorker.runSuite(SuiteRunnerWorker.java:52)
at org.testng.SuiteRunnerWorker.run(SuiteRunnerWorker.java:95)
at org.testng.TestNG.runSuitesSequentially(TestNG.java:1256)
at org.testng.TestNG.runSuitesLocally(TestNG.java:1176)
at org.testng.TestNG.runSuites(TestNG.java:1099)
at org.testng.TestNG.run(TestNG.java:1067)
at org.testng.remote.AbstractRemoteTestNG.run(AbstractRemoteTestNG.java:115)
at org.testng.remote.RemoteTestNG.initAndRun(RemoteTestNG.java:251)
at org.testng.remote.RemoteTestNG.main(RemoteTestNG.java:77)
]]>
    </error>
  </testcase> <!-- preSetup -->
  <system-out/>
  <testcase classname="org.rahulshettyacademy.AppiumFrameworkDesign.eCommerce_tc_2" name="FillForm_PositiveFlow" time="0.000">
    <skipped/>
  </testcase> <!-- FillForm_PositiveFlow -->
  <system-out/>
</testsuite> <!-- org.rahulshettyacademy.AppiumFrameworkDesign.eCommerce_tc_2 -->
