<?xml version="1.0" encoding="UTF-8"?>
<!-- Generated by org.testng.reporters.JUnitReportReporter -->
<testsuite hostname="DESKTOP-HP5KI8N" failures="0" tests="1" name="org.rahulshettyacademy.AppiumFrameworkDesign.eCommerce_tc_3" time="25.564" errors="0" timestamp="2023-02-08T11:48:17 ART" skipped="0">
  <testcase classname="org.rahulshettyacademy.AppiumFrameworkDesign.eCommerce_tc_3" name="FillForm" time="25.564"/>
  <system-out/>
</testsuite> <!-- org.rahulshettyacademy.AppiumFrameworkDesign.eCommerce_tc_3 -->
